Determining if the pthread_create exist failed with the following output:
Change Dir: /misc/student/tananaed/tfspecialops/build/CMakeFiles/CMakeTmp

Run Build Command:"/usr/bin/make" "cmTC_c21d2/fast"
/usr/bin/make -f CMakeFiles/cmTC_c21d2.dir/build.make CMakeFiles/cmTC_c21d2.dir/build
make[1]: Verzeichnis „/misc/student/tananaed/tfspecialops/build/CMakeFiles/CMakeTmp“ wird betreten
/usr/bin/cmake: /misc/lmbraid11/tananaed/tools/curl-7.52.1/inst/lib/libcurl.so.4: no version information available (required by /usr/bin/cmake)
Building C object CMakeFiles/cmTC_c21d2.dir/CheckSymbolExists.c.o
/usr/bin/cc    -fPIC    -o CMakeFiles/cmTC_c21d2.dir/CheckSymbolExists.c.o   -c /misc/student/tananaed/tfspecialops/build/CMakeFiles/CMakeTmp/CheckSymbolExists.c
/usr/bin/cmake: /misc/lmbraid11/tananaed/tools/curl-7.52.1/inst/lib/libcurl.so.4: no version information available (required by /usr/bin/cmake)
Linking C executable cmTC_c21d2
/usr/bin/cmake -E cmake_link_script CMakeFiles/cmTC_c21d2.dir/link.txt --verbose=1
/usr/bin/cmake: /misc/lmbraid11/tananaed/tools/curl-7.52.1/inst/lib/libcurl.so.4: no version information available (required by /usr/bin/cmake)
/usr/bin/cc  -fPIC     CMakeFiles/cmTC_c21d2.dir/CheckSymbolExists.c.o  -o cmTC_c21d2 -rdynamic 
CMakeFiles/cmTC_c21d2.dir/CheckSymbolExists.c.o: In Funktion `main':
CheckSymbolExists.c:(.text+0x1b): Nicht definierter Verweis auf `pthread_create'
collect2: error: ld returned 1 exit status
CMakeFiles/cmTC_c21d2.dir/build.make:97: die Regel für Ziel „cmTC_c21d2“ scheiterte
make[1]: *** [cmTC_c21d2] Fehler 1
make[1]: Verzeichnis „/misc/student/tananaed/tfspecialops/build/CMakeFiles/CMakeTmp“ wird verlassen
Makefile:126: die Regel für Ziel „cmTC_c21d2/fast“ scheiterte
make: *** [cmTC_c21d2/fast] Fehler 2

File /misc/student/tananaed/tfspecialops/build/CMakeFiles/CMakeTmp/CheckSymbolExists.c:
/* */
#include <pthread.h>

int main(int argc, char** argv)
{
  (void)argv;
#ifndef pthread_create
  return ((int*)(&pthread_create))[argc];
#else
  (void)argc;
  return 0;
#endif
}

Determining if the function pthread_create exists in the pthreads failed with the following output:
Change Dir: /misc/student/tananaed/tfspecialops/build/CMakeFiles/CMakeTmp

Run Build Command:"/usr/bin/make" "cmTC_4deeb/fast"
/usr/bin/make -f CMakeFiles/cmTC_4deeb.dir/build.make CMakeFiles/cmTC_4deeb.dir/build
make[1]: Verzeichnis „/misc/student/tananaed/tfspecialops/build/CMakeFiles/CMakeTmp“ wird betreten
/usr/bin/cmake: /misc/lmbraid11/tananaed/tools/curl-7.52.1/inst/lib/libcurl.so.4: no version information available (required by /usr/bin/cmake)
Building C object CMakeFiles/cmTC_4deeb.dir/CheckFunctionExists.c.o
/usr/bin/cc    -fPIC -DCHECK_FUNCTION_EXISTS=pthread_create   -o CMakeFiles/cmTC_4deeb.dir/CheckFunctionExists.c.o   -c /usr/share/cmake-3.5/Modules/CheckFunctionExists.c
/usr/bin/cmake: /misc/lmbraid11/tananaed/tools/curl-7.52.1/inst/lib/libcurl.so.4: no version information available (required by /usr/bin/cmake)
Linking C executable cmTC_4deeb
/usr/bin/cmake -E cmake_link_script CMakeFiles/cmTC_4deeb.dir/link.txt --verbose=1
/usr/bin/cmake: /misc/lmbraid11/tananaed/tools/curl-7.52.1/inst/lib/libcurl.so.4: no version information available (required by /usr/bin/cmake)
/usr/bin/cc  -fPIC -DCHECK_FUNCTION_EXISTS=pthread_create    CMakeFiles/cmTC_4deeb.dir/CheckFunctionExists.c.o  -o cmTC_4deeb -rdynamic -lpthreads 
/usr/bin/ld: cannot find -lpthreads
collect2: error: ld returned 1 exit status
CMakeFiles/cmTC_4deeb.dir/build.make:97: die Regel für Ziel „cmTC_4deeb“ scheiterte
make[1]: *** [cmTC_4deeb] Fehler 1
make[1]: Verzeichnis „/misc/student/tananaed/tfspecialops/build/CMakeFiles/CMakeTmp“ wird verlassen
Makefile:126: die Regel für Ziel „cmTC_4deeb/fast“ scheiterte
make: *** [cmTC_4deeb/fast] Fehler 2


